20230104 12:43:14.848 [background-preinit] INFO  [Version:21] - HV000001: Hibernate Validator 6.2.4.Final 
20230104 12:43:14.861 [main] INFO  [ApiApplicationKt:55] - Starting ApiApplicationKt using Java 17.0.5 on DESKTOP-G6T7AH7 with PID 157404 (C:\Users\jsolution\Documents\GitHub\sf_viewer\api\out\production\classes started by jsolution in C:\Users\jsolution\Documents\GitHub\sf_viewer) 
20230104 12:43:14.862 [main] INFO  [ApiApplicationKt:640] - The following 1 profile is active: "dev" 
20230104 12:43:16.346 [main] INFO  [RepositoryConfigurationDelegate:262] - Multiple Spring Data modules found, entering strict repository configuration mode 
20230104 12:43:16.350 [main] INFO  [RepositoryConfigurationDelegate:132] - Bootstrapping Spring Data JDBC repositories in DEFAULT mode. 
20230104 12:43:16.406 [main] INFO  [RepositoryConfigurationExtensionSupport:349] - Spring Data JDBC - Could not safely identify store assignment for repository candidate interface kr.co.jsol.domain.entity.site.SiteRepository; If you want this repository to be a JDBC repository, consider annotating your entities with one of these annotations: org.springframework.data.relational.core.mapping.Table. 
20230104 12:43:16.409 [main] INFO  [RepositoryConfigurationExtensionSupport:349] - Spring Data JDBC - Could not safely identify store assignment for repository candidate interface kr.co.jsol.domain.entity.user.UserRepository; If you want this repository to be a JDBC repository, consider annotating your entities with one of these annotations: org.springframework.data.relational.core.mapping.Table. 
20230104 12:43:16.410 [main] INFO  [RepositoryConfigurationDelegate:201] - Finished Spring Data repository scanning in 53 ms. Found 0 JDBC repository interfaces. 
20230104 12:43:16.418 [main] INFO  [RepositoryConfigurationDelegate:262] - Multiple Spring Data modules found, entering strict repository configuration mode 
20230104 12:43:16.419 [main] INFO  [RepositoryConfigurationDelegate:132] - Bootstrapping Spring Data JPA repositories in DEFAULT mode. 
20230104 12:43:16.485 [main] INFO  [RepositoryConfigurationDelegate:201] - Finished Spring Data repository scanning in 61 ms. Found 2 JPA repository interfaces. 
20230104 12:43:17.492 [main] INFO  [TomcatWebServer:108] - Tomcat initialized with port(s): 18080 (http) 
20230104 12:43:17.504 [main] INFO  [Http11NioProtocol:173] - Initializing ProtocolHandler ["http-nio-18080"] 
20230104 12:43:17.504 [main] INFO  [StandardService:173] - Starting service [Tomcat] 
20230104 12:43:17.504 [main] INFO  [StandardEngine:173] - Starting Servlet engine: [Apache Tomcat/9.0.65] 
20230104 12:43:17.660 [main] INFO  [[/]:173] - Initializing Spring embedded WebApplicationContext 
20230104 12:43:17.660 [main] INFO  [ServletWebServerApplicationContext:292] - Root WebApplicationContext: initialization completed in 2738 ms 
20230104 12:43:18.151 [main] INFO  [LogHelper:31] - HHH000204: Processing PersistenceUnitInfo [name: default] 
20230104 12:43:18.254 [main] INFO  [Version:44] - HHH000412: Hibernate ORM core version 5.6.10.Final 
20230104 12:43:18.495 [main] INFO  [Version:56] - HCANN000001: Hibernate Commons Annotations {5.1.2.Final} 
20230104 12:43:18.650 [main] INFO  [HikariDataSource:110] - HikariPool-1 - Starting... 
20230104 12:43:28.795 [main] INFO  [HikariDataSource:123] - HikariPool-1 - Start completed. 
20230104 12:43:28.839 [main] INFO  [Dialect:175] - HHH000400: Using dialect: org.hibernate.dialect.MariaDB103Dialect 
20230104 12:43:29.704 [main] INFO  [p6spy:60] - #1672803809704 | took 18ms | statement | connection 1| url jdbc:mariadb://39.112.10.37:23307/faas?user=faas&password=***&validationQuery="select 1"&serverTimezone=Asia/Seoul&zeroDateTimeBehavior=convertToNull&userSSL=false&characterEncoding=UTF-8
select table_name from information_schema.tables where table_schema = database() and table_type = 'SEQUENCE'
select table_name from information_schema.tables where table_schema = database() and table_type = 'SEQUENCE'; 
20230104 12:43:29.800 [main] INFO  [p6spy:60] - #1672803809800 | took 12ms | statement | connection 1| url jdbc:mariadb://39.112.10.37:23307/faas?user=faas&password=***&validationQuery="select 1"&serverTimezone=Asia/Seoul&zeroDateTimeBehavior=convertToNull&userSSL=false&characterEncoding=UTF-8
select * from `faas`.`tb_site` where 1=0
select * from `faas`.`tb_site` where 1=0; 
20230104 12:43:29.843 [main] INFO  [p6spy:60] - #1672803809843 | took 12ms | statement | connection 1| url jdbc:mariadb://39.112.10.37:23307/faas?user=faas&password=***&validationQuery="select 1"&serverTimezone=Asia/Seoul&zeroDateTimeBehavior=convertToNull&userSSL=false&characterEncoding=UTF-8
select * from `faas`.`tb_site` where 1=0
select * from `faas`.`tb_site` where 1=0; 
20230104 12:43:29.893 [main] INFO  [p6spy:60] - #1672803809893 | took 12ms | statement | connection 1| url jdbc:mariadb://39.112.10.37:23307/faas?user=faas&password=***&validationQuery="select 1"&serverTimezone=Asia/Seoul&zeroDateTimeBehavior=convertToNull&userSSL=false&characterEncoding=UTF-8
select * from `faas`.`tb_site` where 1=0
select * from `faas`.`tb_site` where 1=0; 
20230104 12:43:29.893 [main] INFO  [JtaPlatformInitiator:52] - HHH000490: Using JtaPlatform implementation: [org.hibernate.engine.transaction.jta.platform.internal.NoJtaPlatform] 
20230104 12:43:29.904 [main] INFO  [LocalContainerEntityManagerFactoryBean:437] - Initialized JPA EntityManagerFactory for persistence unit 'default' 
20230104 12:43:30.407 [main] WARN  [JpaBaseConfiguration$JpaWebConfiguration:219] - spring.jpa.open-in-view is enabled by default. Therefore, database queries may be performed during view rendering. Explicitly configure spring.jpa.open-in-view to disable this warning 
20230104 12:43:31.179 [main] WARN  [WebSecurity:305] - You are asking Spring Security to ignore Ant [pattern='/html/**']. This is not recommended -- please use permitAll via HttpSecurity#authorizeHttpRequests instead. 
20230104 12:43:31.180 [main] INFO  [DefaultSecurityFilterChain:52] - Will not secure Ant [pattern='/html/**'] 
20230104 12:43:31.181 [main] WARN  [WebSecurity:305] - You are asking Spring Security to ignore Ant [pattern='/css/**']. This is not recommended -- please use permitAll via HttpSecurity#authorizeHttpRequests instead. 
20230104 12:43:31.181 [main] INFO  [DefaultSecurityFilterChain:52] - Will not secure Ant [pattern='/css/**'] 
20230104 12:43:31.181 [main] WARN  [WebSecurity:305] - You are asking Spring Security to ignore Ant [pattern='/js/**']. This is not recommended -- please use permitAll via HttpSecurity#authorizeHttpRequests instead. 
20230104 12:43:31.181 [main] INFO  [DefaultSecurityFilterChain:52] - Will not secure Ant [pattern='/js/**'] 
20230104 12:43:31.181 [main] WARN  [WebSecurity:305] - You are asking Spring Security to ignore Ant [pattern='/image/**']. This is not recommended -- please use permitAll via HttpSecurity#authorizeHttpRequests instead. 
20230104 12:43:31.182 [main] INFO  [DefaultSecurityFilterChain:52] - Will not secure Ant [pattern='/image/**'] 
20230104 12:43:31.182 [main] WARN  [WebSecurity:305] - You are asking Spring Security to ignore Ant [pattern='/v2/api-docs']. This is not recommended -- please use permitAll via HttpSecurity#authorizeHttpRequests instead. 
20230104 12:43:31.182 [main] INFO  [DefaultSecurityFilterChain:52] - Will not secure Ant [pattern='/v2/api-docs'] 
20230104 12:43:31.182 [main] WARN  [WebSecurity:305] - You are asking Spring Security to ignore Ant [pattern='/swagger-resources']. This is not recommended -- please use permitAll via HttpSecurity#authorizeHttpRequests instead. 
20230104 12:43:31.182 [main] INFO  [DefaultSecurityFilterChain:52] - Will not secure Ant [pattern='/swagger-resources'] 
20230104 12:43:31.182 [main] WARN  [WebSecurity:305] - You are asking Spring Security to ignore Ant [pattern='/swagger-resources/**']. This is not recommended -- please use permitAll via HttpSecurity#authorizeHttpRequests instead. 
20230104 12:43:31.182 [main] INFO  [DefaultSecurityFilterChain:52] - Will not secure Ant [pattern='/swagger-resources/**'] 
20230104 12:43:31.182 [main] WARN  [WebSecurity:305] - You are asking Spring Security to ignore Ant [pattern='/configuration/ui']. This is not recommended -- please use permitAll via HttpSecurity#authorizeHttpRequests instead. 
20230104 12:43:31.182 [main] INFO  [DefaultSecurityFilterChain:52] - Will not secure Ant [pattern='/configuration/ui'] 
20230104 12:43:31.182 [main] WARN  [WebSecurity:305] - You are asking Spring Security to ignore Ant [pattern='/configuration/security']. This is not recommended -- please use permitAll via HttpSecurity#authorizeHttpRequests instead. 
20230104 12:43:31.183 [main] INFO  [DefaultSecurityFilterChain:52] - Will not secure Ant [pattern='/configuration/security'] 
20230104 12:43:31.183 [main] WARN  [WebSecurity:305] - You are asking Spring Security to ignore Ant [pattern='/swagger-ui.html']. This is not recommended -- please use permitAll via HttpSecurity#authorizeHttpRequests instead. 
20230104 12:43:31.183 [main] INFO  [DefaultSecurityFilterChain:52] - Will not secure Ant [pattern='/swagger-ui.html'] 
20230104 12:43:31.183 [main] WARN  [WebSecurity:305] - You are asking Spring Security to ignore Ant [pattern='/webjars/**']. This is not recommended -- please use permitAll via HttpSecurity#authorizeHttpRequests instead. 
20230104 12:43:31.183 [main] INFO  [DefaultSecurityFilterChain:52] - Will not secure Ant [pattern='/webjars/**'] 
20230104 12:43:31.183 [main] WARN  [WebSecurity:305] - You are asking Spring Security to ignore Ant [pattern='/v3/api-docs/**']. This is not recommended -- please use permitAll via HttpSecurity#authorizeHttpRequests instead. 
20230104 12:43:31.183 [main] INFO  [DefaultSecurityFilterChain:52] - Will not secure Ant [pattern='/v3/api-docs/**'] 
20230104 12:43:31.183 [main] WARN  [WebSecurity:305] - You are asking Spring Security to ignore Ant [pattern='/swagger-ui/**']. This is not recommended -- please use permitAll via HttpSecurity#authorizeHttpRequests instead. 
20230104 12:43:31.183 [main] INFO  [DefaultSecurityFilterChain:52] - Will not secure Ant [pattern='/swagger-ui/**'] 
20230104 12:43:31.209 [main] INFO  [DefaultSecurityFilterChain:55] - Will secure any request with [org.springframework.security.web.session.DisableEncodeUrlFilter@173c0722, org.springframework.security.web.context.request.async.WebAsyncManagerIntegrationFilter@12e3cf1c, org.springframework.security.web.context.SecurityContextPersistenceFilter@67263db7, org.springframework.security.web.header.HeaderWriterFilter@324e62e2, org.springframework.web.filter.CorsFilter@455cbf18, org.springframework.security.web.authentication.logout.LogoutFilter@47184859, kr.co.jsol.domain.jwt.filter.JwtAuthenticationFilter@70ed03e4, org.springframework.security.web.savedrequest.RequestCacheAwareFilter@20f94e9a, org.springframework.security.web.servletapi.SecurityContextHolderAwareRequestFilter@21bf1b1f, org.springframework.security.web.authentication.AnonymousAuthenticationFilter@533a8540, org.springframework.security.web.session.SessionManagementFilter@2d10160a, org.springframework.security.web.access.ExceptionTranslationFilter@6f915016] 
20230104 12:43:31.765 [main] INFO  [Http11NioProtocol:173] - Starting ProtocolHandler ["http-nio-18080"] 
20230104 12:43:31.795 [main] INFO  [TomcatWebServer:220] - Tomcat started on port(s): 18080 (http) with context path '' 
20230104 12:43:31.850 [main] INFO  [ApiApplicationKt:61] - Started ApiApplicationKt in 17.624 seconds (JVM running for 18.428) 
20230104 12:48:28.814 [http-nio-18080-exec-1] INFO  [[/]:173] - Initializing Spring DispatcherServlet 'dispatcherServlet' 
20230104 12:48:28.815 [http-nio-18080-exec-1] INFO  [DispatcherServlet:525] - Initializing Servlet 'dispatcherServlet' 
20230104 12:48:28.816 [http-nio-18080-exec-1] INFO  [DispatcherServlet:547] - Completed initialization in 1 ms 
20230104 12:49:14.286 [SpringApplicationShutdownHook] INFO  [LocalContainerEntityManagerFactoryBean:651] - Closing JPA EntityManagerFactory for persistence unit 'default' 
20230104 12:49:14.288 [SpringApplicationShutdownHook] INFO  [HikariDataSource:350] - HikariPool-1 - Shutdown initiated... 
20230104 12:49:14.395 [SpringApplicationShutdownHook] INFO  [HikariDataSource:352] - HikariPool-1 - Shutdown completed. 
20230104 12:49:18.750 [background-preinit] INFO  [Version:21] - HV000001: Hibernate Validator 6.2.4.Final 
20230104 12:49:18.768 [main] INFO  [ApiApplicationKt:55] - Starting ApiApplicationKt using Java 17.0.5 on DESKTOP-G6T7AH7 with PID 154740 (C:\Users\jsolution\Documents\GitHub\sf_viewer\api\out\production\classes started by jsolution in C:\Users\jsolution\Documents\GitHub\sf_viewer) 
20230104 12:49:18.769 [main] INFO  [ApiApplicationKt:640] - The following 1 profile is active: "dev" 
20230104 12:49:20.484 [main] INFO  [RepositoryConfigurationDelegate:262] - Multiple Spring Data modules found, entering strict repository configuration mode 
20230104 12:49:20.487 [main] INFO  [RepositoryConfigurationDelegate:132] - Bootstrapping Spring Data JDBC repositories in DEFAULT mode. 
20230104 12:49:20.543 [main] INFO  [RepositoryConfigurationExtensionSupport:349] - Spring Data JDBC - Could not safely identify store assignment for repository candidate interface kr.co.jsol.domain.entity.site.SiteRepository; If you want this repository to be a JDBC repository, consider annotating your entities with one of these annotations: org.springframework.data.relational.core.mapping.Table. 
20230104 12:49:20.546 [main] INFO  [RepositoryConfigurationExtensionSupport:349] - Spring Data JDBC - Could not safely identify store assignment for repository candidate interface kr.co.jsol.domain.entity.user.UserRepository; If you want this repository to be a JDBC repository, consider annotating your entities with one of these annotations: org.springframework.data.relational.core.mapping.Table. 
20230104 12:49:20.547 [main] INFO  [RepositoryConfigurationDelegate:201] - Finished Spring Data repository scanning in 55 ms. Found 0 JDBC repository interfaces. 
20230104 12:49:20.556 [main] INFO  [RepositoryConfigurationDelegate:262] - Multiple Spring Data modules found, entering strict repository configuration mode 
20230104 12:49:20.558 [main] INFO  [RepositoryConfigurationDelegate:132] - Bootstrapping Spring Data JPA repositories in DEFAULT mode. 
20230104 12:49:20.630 [main] INFO  [RepositoryConfigurationDelegate:201] - Finished Spring Data repository scanning in 67 ms. Found 2 JPA repository interfaces. 
20230104 12:49:21.634 [main] INFO  [TomcatWebServer:108] - Tomcat initialized with port(s): 18080 (http) 
20230104 12:49:21.647 [main] INFO  [Http11NioProtocol:173] - Initializing ProtocolHandler ["http-nio-18080"] 
20230104 12:49:21.647 [main] INFO  [StandardService:173] - Starting service [Tomcat] 
20230104 12:49:21.647 [main] INFO  [StandardEngine:173] - Starting Servlet engine: [Apache Tomcat/9.0.65] 
20230104 12:49:21.810 [main] INFO  [[/]:173] - Initializing Spring embedded WebApplicationContext 
20230104 12:49:21.811 [main] INFO  [ServletWebServerApplicationContext:292] - Root WebApplicationContext: initialization completed in 2975 ms 
20230104 12:49:22.254 [main] INFO  [LogHelper:31] - HHH000204: Processing PersistenceUnitInfo [name: default] 
20230104 12:49:22.351 [main] INFO  [Version:44] - HHH000412: Hibernate ORM core version 5.6.10.Final 
20230104 12:49:22.600 [main] INFO  [Version:56] - HCANN000001: Hibernate Commons Annotations {5.1.2.Final} 
20230104 12:49:22.791 [main] INFO  [HikariDataSource:110] - HikariPool-1 - Starting... 
20230104 12:49:32.945 [main] INFO  [HikariDataSource:123] - HikariPool-1 - Start completed. 
20230104 12:49:32.984 [main] INFO  [Dialect:175] - HHH000400: Using dialect: org.hibernate.dialect.MariaDB103Dialect 
20230104 12:49:33.773 [main] INFO  [p6spy:60] - #1672804173773 | took 27ms | statement | connection 1| url jdbc:mariadb://39.112.10.37:23307/faas?user=faas&password=***&validationQuery="select 1"&serverTimezone=Asia/Seoul&zeroDateTimeBehavior=convertToNull&userSSL=false&characterEncoding=UTF-8
select table_name from information_schema.tables where table_schema = database() and table_type = 'SEQUENCE'
select table_name from information_schema.tables where table_schema = database() and table_type = 'SEQUENCE'; 
20230104 12:49:33.872 [main] INFO  [p6spy:60] - #1672804173872 | took 15ms | statement | connection 1| url jdbc:mariadb://39.112.10.37:23307/faas?user=faas&password=***&validationQuery="select 1"&serverTimezone=Asia/Seoul&zeroDateTimeBehavior=convertToNull&userSSL=false&characterEncoding=UTF-8
select * from `faas`.`tb_site` where 1=0
select * from `faas`.`tb_site` where 1=0; 
20230104 12:49:33.949 [main] INFO  [p6spy:60] - #1672804173949 | took 16ms | statement | connection 1| url jdbc:mariadb://39.112.10.37:23307/faas?user=faas&password=***&validationQuery="select 1"&serverTimezone=Asia/Seoul&zeroDateTimeBehavior=convertToNull&userSSL=false&characterEncoding=UTF-8
select * from `faas`.`tb_site` where 1=0
select * from `faas`.`tb_site` where 1=0; 
20230104 12:49:33.998 [main] INFO  [p6spy:60] - #1672804173998 | took 18ms | statement | connection 1| url jdbc:mariadb://39.112.10.37:23307/faas?user=faas&password=***&validationQuery="select 1"&serverTimezone=Asia/Seoul&zeroDateTimeBehavior=convertToNull&userSSL=false&characterEncoding=UTF-8
select * from `faas`.`tb_site` where 1=0
select * from `faas`.`tb_site` where 1=0; 
20230104 12:49:33.998 [main] INFO  [JtaPlatformInitiator:52] - HHH000490: Using JtaPlatform implementation: [org.hibernate.engine.transaction.jta.platform.internal.NoJtaPlatform] 
20230104 12:49:34.009 [main] INFO  [LocalContainerEntityManagerFactoryBean:437] - Initialized JPA EntityManagerFactory for persistence unit 'default' 
20230104 12:49:34.584 [main] WARN  [JpaBaseConfiguration$JpaWebConfiguration:219] - spring.jpa.open-in-view is enabled by default. Therefore, database queries may be performed during view rendering. Explicitly configure spring.jpa.open-in-view to disable this warning 
20230104 12:49:35.363 [main] WARN  [WebSecurity:305] - You are asking Spring Security to ignore Ant [pattern='/html/**']. This is not recommended -- please use permitAll via HttpSecurity#authorizeHttpRequests instead. 
20230104 12:49:35.364 [main] INFO  [DefaultSecurityFilterChain:52] - Will not secure Ant [pattern='/html/**'] 
20230104 12:49:35.364 [main] WARN  [WebSecurity:305] - You are asking Spring Security to ignore Ant [pattern='/css/**']. This is not recommended -- please use permitAll via HttpSecurity#authorizeHttpRequests instead. 
20230104 12:49:35.364 [main] INFO  [DefaultSecurityFilterChain:52] - Will not secure Ant [pattern='/css/**'] 
20230104 12:49:35.364 [main] WARN  [WebSecurity:305] - You are asking Spring Security to ignore Ant [pattern='/js/**']. This is not recommended -- please use permitAll via HttpSecurity#authorizeHttpRequests instead. 
20230104 12:49:35.365 [main] INFO  [DefaultSecurityFilterChain:52] - Will not secure Ant [pattern='/js/**'] 
20230104 12:49:35.365 [main] WARN  [WebSecurity:305] - You are asking Spring Security to ignore Ant [pattern='/image/**']. This is not recommended -- please use permitAll via HttpSecurity#authorizeHttpRequests instead. 
20230104 12:49:35.365 [main] INFO  [DefaultSecurityFilterChain:52] - Will not secure Ant [pattern='/image/**'] 
20230104 12:49:35.365 [main] WARN  [WebSecurity:305] - You are asking Spring Security to ignore Ant [pattern='/v2/api-docs']. This is not recommended -- please use permitAll via HttpSecurity#authorizeHttpRequests instead. 
20230104 12:49:35.365 [main] INFO  [DefaultSecurityFilterChain:52] - Will not secure Ant [pattern='/v2/api-docs'] 
20230104 12:49:35.365 [main] WARN  [WebSecurity:305] - You are asking Spring Security to ignore Ant [pattern='/swagger-resources']. This is not recommended -- please use permitAll via HttpSecurity#authorizeHttpRequests instead. 
20230104 12:49:35.365 [main] INFO  [DefaultSecurityFilterChain:52] - Will not secure Ant [pattern='/swagger-resources'] 
20230104 12:49:35.365 [main] WARN  [WebSecurity:305] - You are asking Spring Security to ignore Ant [pattern='/swagger-resources/**']. This is not recommended -- please use permitAll via HttpSecurity#authorizeHttpRequests instead. 
20230104 12:49:35.366 [main] INFO  [DefaultSecurityFilterChain:52] - Will not secure Ant [pattern='/swagger-resources/**'] 
20230104 12:49:35.366 [main] WARN  [WebSecurity:305] - You are asking Spring Security to ignore Ant [pattern='/configuration/ui']. This is not recommended -- please use permitAll via HttpSecurity#authorizeHttpRequests instead. 
20230104 12:49:35.366 [main] INFO  [DefaultSecurityFilterChain:52] - Will not secure Ant [pattern='/configuration/ui'] 
20230104 12:49:35.366 [main] WARN  [WebSecurity:305] - You are asking Spring Security to ignore Ant [pattern='/configuration/security']. This is not recommended -- please use permitAll via HttpSecurity#authorizeHttpRequests instead. 
20230104 12:49:35.366 [main] INFO  [DefaultSecurityFilterChain:52] - Will not secure Ant [pattern='/configuration/security'] 
20230104 12:49:35.366 [main] WARN  [WebSecurity:305] - You are asking Spring Security to ignore Ant [pattern='/swagger-ui.html']. This is not recommended -- please use permitAll via HttpSecurity#authorizeHttpRequests instead. 
20230104 12:49:35.366 [main] INFO  [DefaultSecurityFilterChain:52] - Will not secure Ant [pattern='/swagger-ui.html'] 
20230104 12:49:35.366 [main] WARN  [WebSecurity:305] - You are asking Spring Security to ignore Ant [pattern='/webjars/**']. This is not recommended -- please use permitAll via HttpSecurity#authorizeHttpRequests instead. 
20230104 12:49:35.367 [main] INFO  [DefaultSecurityFilterChain:52] - Will not secure Ant [pattern='/webjars/**'] 
20230104 12:49:35.367 [main] WARN  [WebSecurity:305] - You are asking Spring Security to ignore Ant [pattern='/v3/api-docs/**']. This is not recommended -- please use permitAll via HttpSecurity#authorizeHttpRequests instead. 
20230104 12:49:35.367 [main] INFO  [DefaultSecurityFilterChain:52] - Will not secure Ant [pattern='/v3/api-docs/**'] 
20230104 12:49:35.367 [main] WARN  [WebSecurity:305] - You are asking Spring Security to ignore Ant [pattern='/swagger-ui/**']. This is not recommended -- please use permitAll via HttpSecurity#authorizeHttpRequests instead. 
20230104 12:49:35.367 [main] INFO  [DefaultSecurityFilterChain:52] - Will not secure Ant [pattern='/swagger-ui/**'] 
20230104 12:49:35.388 [main] INFO  [DefaultSecurityFilterChain:55] - Will secure any request with [org.springframework.security.web.session.DisableEncodeUrlFilter@46c47690, org.springframework.security.web.context.request.async.WebAsyncManagerIntegrationFilter@5aa026e9, org.springframework.security.web.context.SecurityContextPersistenceFilter@6f915016, org.springframework.security.web.header.HeaderWriterFilter@4e6c703a, org.springframework.web.filter.CorsFilter@636dbfe7, org.springframework.security.web.authentication.logout.LogoutFilter@59b8a801, kr.co.jsol.domain.jwt.filter.JwtAuthenticationFilter@499f9003, org.springframework.security.web.savedrequest.RequestCacheAwareFilter@324e62e2, org.springframework.security.web.servletapi.SecurityContextHolderAwareRequestFilter@3ed1446c, org.springframework.security.web.authentication.AnonymousAuthenticationFilter@39bd07fe, org.springframework.security.web.session.SessionManagementFilter@70799ca7, org.springframework.security.web.access.ExceptionTranslationFilter@79a12552] 
20230104 12:49:35.868 [main] INFO  [Http11NioProtocol:173] - Starting ProtocolHandler ["http-nio-18080"] 
20230104 12:49:35.890 [main] INFO  [TomcatWebServer:220] - Tomcat started on port(s): 18080 (http) with context path '' 
20230104 12:49:36.209 [main] INFO  [ApiApplicationKt:61] - Started ApiApplicationKt in 18.087 seconds (JVM running for 18.868) 
20230104 12:49:41.632 [http-nio-18080-exec-1] INFO  [[/]:173] - Initializing Spring DispatcherServlet 'dispatcherServlet' 
20230104 12:49:41.632 [http-nio-18080-exec-1] INFO  [DispatcherServlet:525] - Initializing Servlet 'dispatcherServlet' 
20230104 12:49:41.633 [http-nio-18080-exec-1] INFO  [DispatcherServlet:547] - Completed initialization in 1 ms 
20230104 12:49:52.666 [http-nio-18080-exec-6] INFO  [p6spy:60] - #1672804192666 | took 12ms | statement | connection 3| url jdbc:mariadb://39.112.10.37:23307/faas?user=faas&password=***&validationQuery="select 1"&serverTimezone=Asia/Seoul&zeroDateTimeBehavior=convertToNull&userSSL=false&characterEncoding=UTF-8
select co2logger1_.co2 as col_0_0_, micro2_.temperature as col_1_0_, micro2_.relative_humidity as col_2_0_, micro2_.solar_radiation as col_3_0_, micro2_.rainfall as col_4_0_, micro2_.earth_temperature as col_5_0_, micro2_.wind_direction as col_6_0_, micro2_.wind_speed as col_7_0_, micro2_.reg_dtm as col_8_0_, co2logger1_.reg_dtm as col_9_0_ from tb_site site0_ left outer join tb_co2_logger co2logger1_ on (co2logger1_.site_seq=site0_.site_seq) left outer join tb_micro_station micro2_ on (micro2_.site_seq=site0_.site_seq) where site0_.site_seq=? limit ?
select co2logger1_.co2 as col_0_0_, micro2_.temperature as col_1_0_, micro2_.relative_humidity as col_2_0_, micro2_.solar_radiation as col_3_0_, micro2_.rainfall as col_4_0_, micro2_.earth_temperature as col_5_0_, micro2_.wind_direction as col_6_0_, micro2_.wind_speed as col_7_0_, micro2_.reg_dtm as col_8_0_, co2logger1_.reg_dtm as col_9_0_ from tb_site site0_ left outer join tb_co2_logger co2logger1_ on (co2logger1_.site_seq=site0_.site_seq) left outer join tb_micro_station micro2_ on (micro2_.site_seq=site0_.site_seq) where site0_.site_seq=1 limit 1; 
20230104 12:49:52.683 [http-nio-18080-exec-6] INFO  [p6spy:60] - #1672804192683 | took 11ms | commit | connection 3| url jdbc:mariadb://39.112.10.37:23307/faas?user=faas&password=***&validationQuery="select 1"&serverTimezone=Asia/Seoul&zeroDateTimeBehavior=convertToNull&userSSL=false&characterEncoding=UTF-8

; 
20230104 12:51:57.089 [http-nio-18080-exec-8] INFO  [p6spy:60] - #1672804317089 | took 20ms | statement | connection 4| url jdbc:mariadb://39.112.10.37:23307/faas?user=faas&password=***&validationQuery="select 1"&serverTimezone=Asia/Seoul&zeroDateTimeBehavior=convertToNull&userSSL=false&characterEncoding=UTF-8
select co2logger1_.co2 as col_0_0_, micro2_.temperature as col_1_0_, micro2_.relative_humidity as col_2_0_, micro2_.solar_radiation as col_3_0_, micro2_.rainfall as col_4_0_, micro2_.earth_temperature as col_5_0_, micro2_.wind_direction as col_6_0_, micro2_.wind_speed as col_7_0_, micro2_.reg_dtm as col_8_0_, co2logger1_.reg_dtm as col_9_0_ from tb_site site0_ left outer join tb_co2_logger co2logger1_ on (co2logger1_.site_seq=site0_.site_seq) left outer join tb_micro_station micro2_ on (micro2_.site_seq=site0_.site_seq) where site0_.site_seq=? limit ?
select co2logger1_.co2 as col_0_0_, micro2_.temperature as col_1_0_, micro2_.relative_humidity as col_2_0_, micro2_.solar_radiation as col_3_0_, micro2_.rainfall as col_4_0_, micro2_.earth_temperature as col_5_0_, micro2_.wind_direction as col_6_0_, micro2_.wind_speed as col_7_0_, micro2_.reg_dtm as col_8_0_, co2logger1_.reg_dtm as col_9_0_ from tb_site site0_ left outer join tb_co2_logger co2logger1_ on (co2logger1_.site_seq=site0_.site_seq) left outer join tb_micro_station micro2_ on (micro2_.site_seq=site0_.site_seq) where site0_.site_seq=2 limit 1; 
20230104 12:51:57.102 [http-nio-18080-exec-8] INFO  [p6spy:60] - #1672804317102 | took 12ms | commit | connection 4| url jdbc:mariadb://39.112.10.37:23307/faas?user=faas&password=***&validationQuery="select 1"&serverTimezone=Asia/Seoul&zeroDateTimeBehavior=convertToNull&userSSL=false&characterEncoding=UTF-8

; 
20230104 12:52:12.530 [http-nio-18080-exec-9] INFO  [p6spy:60] - #1672804332530 | took 13ms | statement | connection 5| url jdbc:mariadb://39.112.10.37:23307/faas?user=faas&password=***&validationQuery="select 1"&serverTimezone=Asia/Seoul&zeroDateTimeBehavior=convertToNull&userSSL=false&characterEncoding=UTF-8
select co2logger1_.co2 as col_0_0_, micro2_.temperature as col_1_0_, micro2_.relative_humidity as col_2_0_, micro2_.solar_radiation as col_3_0_, micro2_.rainfall as col_4_0_, micro2_.earth_temperature as col_5_0_, micro2_.wind_direction as col_6_0_, micro2_.wind_speed as col_7_0_, micro2_.reg_dtm as col_8_0_, co2logger1_.reg_dtm as col_9_0_ from tb_site site0_ left outer join tb_co2_logger co2logger1_ on (co2logger1_.site_seq=site0_.site_seq) left outer join tb_micro_station micro2_ on (micro2_.site_seq=site0_.site_seq) where site0_.site_seq=? limit ?
select co2logger1_.co2 as col_0_0_, micro2_.temperature as col_1_0_, micro2_.relative_humidity as col_2_0_, micro2_.solar_radiation as col_3_0_, micro2_.rainfall as col_4_0_, micro2_.earth_temperature as col_5_0_, micro2_.wind_direction as col_6_0_, micro2_.wind_speed as col_7_0_, micro2_.reg_dtm as col_8_0_, co2logger1_.reg_dtm as col_9_0_ from tb_site site0_ left outer join tb_co2_logger co2logger1_ on (co2logger1_.site_seq=site0_.site_seq) left outer join tb_micro_station micro2_ on (micro2_.site_seq=site0_.site_seq) where site0_.site_seq=3 limit 1; 
20230104 12:52:12.542 [http-nio-18080-exec-9] INFO  [p6spy:60] - #1672804332542 | took 12ms | commit | connection 5| url jdbc:mariadb://39.112.10.37:23307/faas?user=faas&password=***&validationQuery="select 1"&serverTimezone=Asia/Seoul&zeroDateTimeBehavior=convertToNull&userSSL=false&characterEncoding=UTF-8

; 
20230104 12:52:15.422 [http-nio-18080-exec-10] INFO  [p6spy:60] - #1672804335422 | took 13ms | statement | connection 6| url jdbc:mariadb://39.112.10.37:23307/faas?user=faas&password=***&validationQuery="select 1"&serverTimezone=Asia/Seoul&zeroDateTimeBehavior=convertToNull&userSSL=false&characterEncoding=UTF-8
select co2logger1_.co2 as col_0_0_, micro2_.temperature as col_1_0_, micro2_.relative_humidity as col_2_0_, micro2_.solar_radiation as col_3_0_, micro2_.rainfall as col_4_0_, micro2_.earth_temperature as col_5_0_, micro2_.wind_direction as col_6_0_, micro2_.wind_speed as col_7_0_, micro2_.reg_dtm as col_8_0_, co2logger1_.reg_dtm as col_9_0_ from tb_site site0_ left outer join tb_co2_logger co2logger1_ on (co2logger1_.site_seq=site0_.site_seq) left outer join tb_micro_station micro2_ on (micro2_.site_seq=site0_.site_seq) where site0_.site_seq=? limit ?
select co2logger1_.co2 as col_0_0_, micro2_.temperature as col_1_0_, micro2_.relative_humidity as col_2_0_, micro2_.solar_radiation as col_3_0_, micro2_.rainfall as col_4_0_, micro2_.earth_temperature as col_5_0_, micro2_.wind_direction as col_6_0_, micro2_.wind_speed as col_7_0_, micro2_.reg_dtm as col_8_0_, co2logger1_.reg_dtm as col_9_0_ from tb_site site0_ left outer join tb_co2_logger co2logger1_ on (co2logger1_.site_seq=site0_.site_seq) left outer join tb_micro_station micro2_ on (micro2_.site_seq=site0_.site_seq) where site0_.site_seq=4 limit 1; 
20230104 12:52:15.434 [http-nio-18080-exec-10] INFO  [p6spy:60] - #1672804335434 | took 11ms | commit | connection 6| url jdbc:mariadb://39.112.10.37:23307/faas?user=faas&password=***&validationQuery="select 1"&serverTimezone=Asia/Seoul&zeroDateTimeBehavior=convertToNull&userSSL=false&characterEncoding=UTF-8

; 
20230104 12:52:17.720 [http-nio-18080-exec-1] INFO  [p6spy:60] - #1672804337720 | took 15ms | statement | connection 7| url jdbc:mariadb://39.112.10.37:23307/faas?user=faas&password=***&validationQuery="select 1"&serverTimezone=Asia/Seoul&zeroDateTimeBehavior=convertToNull&userSSL=false&characterEncoding=UTF-8
select co2logger1_.co2 as col_0_0_, micro2_.temperature as col_1_0_, micro2_.relative_humidity as col_2_0_, micro2_.solar_radiation as col_3_0_, micro2_.rainfall as col_4_0_, micro2_.earth_temperature as col_5_0_, micro2_.wind_direction as col_6_0_, micro2_.wind_speed as col_7_0_, micro2_.reg_dtm as col_8_0_, co2logger1_.reg_dtm as col_9_0_ from tb_site site0_ left outer join tb_co2_logger co2logger1_ on (co2logger1_.site_seq=site0_.site_seq) left outer join tb_micro_station micro2_ on (micro2_.site_seq=site0_.site_seq) where site0_.site_seq=? limit ?
select co2logger1_.co2 as col_0_0_, micro2_.temperature as col_1_0_, micro2_.relative_humidity as col_2_0_, micro2_.solar_radiation as col_3_0_, micro2_.rainfall as col_4_0_, micro2_.earth_temperature as col_5_0_, micro2_.wind_direction as col_6_0_, micro2_.wind_speed as col_7_0_, micro2_.reg_dtm as col_8_0_, co2logger1_.reg_dtm as col_9_0_ from tb_site site0_ left outer join tb_co2_logger co2logger1_ on (co2logger1_.site_seq=site0_.site_seq) left outer join tb_micro_station micro2_ on (micro2_.site_seq=site0_.site_seq) where site0_.site_seq=5 limit 1; 
20230104 12:52:17.733 [http-nio-18080-exec-1] INFO  [p6spy:60] - #1672804337733 | took 12ms | commit | connection 7| url jdbc:mariadb://39.112.10.37:23307/faas?user=faas&password=***&validationQuery="select 1"&serverTimezone=Asia/Seoul&zeroDateTimeBehavior=convertToNull&userSSL=false&characterEncoding=UTF-8

; 
20230104 12:52:19.335 [http-nio-18080-exec-2] INFO  [p6spy:60] - #1672804339335 | took 13ms | statement | connection 8| url jdbc:mariadb://39.112.10.37:23307/faas?user=faas&password=***&validationQuery="select 1"&serverTimezone=Asia/Seoul&zeroDateTimeBehavior=convertToNull&userSSL=false&characterEncoding=UTF-8
select co2logger1_.co2 as col_0_0_, micro2_.temperature as col_1_0_, micro2_.relative_humidity as col_2_0_, micro2_.solar_radiation as col_3_0_, micro2_.rainfall as col_4_0_, micro2_.earth_temperature as col_5_0_, micro2_.wind_direction as col_6_0_, micro2_.wind_speed as col_7_0_, micro2_.reg_dtm as col_8_0_, co2logger1_.reg_dtm as col_9_0_ from tb_site site0_ left outer join tb_co2_logger co2logger1_ on (co2logger1_.site_seq=site0_.site_seq) left outer join tb_micro_station micro2_ on (micro2_.site_seq=site0_.site_seq) where site0_.site_seq=? limit ?
select co2logger1_.co2 as col_0_0_, micro2_.temperature as col_1_0_, micro2_.relative_humidity as col_2_0_, micro2_.solar_radiation as col_3_0_, micro2_.rainfall as col_4_0_, micro2_.earth_temperature as col_5_0_, micro2_.wind_direction as col_6_0_, micro2_.wind_speed as col_7_0_, micro2_.reg_dtm as col_8_0_, co2logger1_.reg_dtm as col_9_0_ from tb_site site0_ left outer join tb_co2_logger co2logger1_ on (co2logger1_.site_seq=site0_.site_seq) left outer join tb_micro_station micro2_ on (micro2_.site_seq=site0_.site_seq) where site0_.site_seq=6 limit 1; 
20230104 12:52:19.348 [http-nio-18080-exec-2] INFO  [p6spy:60] - #1672804339348 | took 11ms | commit | connection 8| url jdbc:mariadb://39.112.10.37:23307/faas?user=faas&password=***&validationQuery="select 1"&serverTimezone=Asia/Seoul&zeroDateTimeBehavior=convertToNull&userSSL=false&characterEncoding=UTF-8

; 
20230104 12:52:20.685 [http-nio-18080-exec-3] INFO  [p6spy:60] - #1672804340685 | took 12ms | statement | connection 9| url jdbc:mariadb://39.112.10.37:23307/faas?user=faas&password=***&validationQuery="select 1"&serverTimezone=Asia/Seoul&zeroDateTimeBehavior=convertToNull&userSSL=false&characterEncoding=UTF-8
select co2logger1_.co2 as col_0_0_, micro2_.temperature as col_1_0_, micro2_.relative_humidity as col_2_0_, micro2_.solar_radiation as col_3_0_, micro2_.rainfall as col_4_0_, micro2_.earth_temperature as col_5_0_, micro2_.wind_direction as col_6_0_, micro2_.wind_speed as col_7_0_, micro2_.reg_dtm as col_8_0_, co2logger1_.reg_dtm as col_9_0_ from tb_site site0_ left outer join tb_co2_logger co2logger1_ on (co2logger1_.site_seq=site0_.site_seq) left outer join tb_micro_station micro2_ on (micro2_.site_seq=site0_.site_seq) where site0_.site_seq=? limit ?
select co2logger1_.co2 as col_0_0_, micro2_.temperature as col_1_0_, micro2_.relative_humidity as col_2_0_, micro2_.solar_radiation as col_3_0_, micro2_.rainfall as col_4_0_, micro2_.earth_temperature as col_5_0_, micro2_.wind_direction as col_6_0_, micro2_.wind_speed as col_7_0_, micro2_.reg_dtm as col_8_0_, co2logger1_.reg_dtm as col_9_0_ from tb_site site0_ left outer join tb_co2_logger co2logger1_ on (co2logger1_.site_seq=site0_.site_seq) left outer join tb_micro_station micro2_ on (micro2_.site_seq=site0_.site_seq) where site0_.site_seq=7 limit 1; 
20230104 12:52:20.699 [http-nio-18080-exec-3] INFO  [p6spy:60] - #1672804340698 | took 13ms | commit | connection 9| url jdbc:mariadb://39.112.10.37:23307/faas?user=faas&password=***&validationQuery="select 1"&serverTimezone=Asia/Seoul&zeroDateTimeBehavior=convertToNull&userSSL=false&characterEncoding=UTF-8

; 
20230104 12:52:22.418 [http-nio-18080-exec-4] INFO  [p6spy:60] - #1672804342418 | took 13ms | statement | connection 10| url jdbc:mariadb://39.112.10.37:23307/faas?user=faas&password=***&validationQuery="select 1"&serverTimezone=Asia/Seoul&zeroDateTimeBehavior=convertToNull&userSSL=false&characterEncoding=UTF-8
select co2logger1_.co2 as col_0_0_, micro2_.temperature as col_1_0_, micro2_.relative_humidity as col_2_0_, micro2_.solar_radiation as col_3_0_, micro2_.rainfall as col_4_0_, micro2_.earth_temperature as col_5_0_, micro2_.wind_direction as col_6_0_, micro2_.wind_speed as col_7_0_, micro2_.reg_dtm as col_8_0_, co2logger1_.reg_dtm as col_9_0_ from tb_site site0_ left outer join tb_co2_logger co2logger1_ on (co2logger1_.site_seq=site0_.site_seq) left outer join tb_micro_station micro2_ on (micro2_.site_seq=site0_.site_seq) where site0_.site_seq=? limit ?
select co2logger1_.co2 as col_0_0_, micro2_.temperature as col_1_0_, micro2_.relative_humidity as col_2_0_, micro2_.solar_radiation as col_3_0_, micro2_.rainfall as col_4_0_, micro2_.earth_temperature as col_5_0_, micro2_.wind_direction as col_6_0_, micro2_.wind_speed as col_7_0_, micro2_.reg_dtm as col_8_0_, co2logger1_.reg_dtm as col_9_0_ from tb_site site0_ left outer join tb_co2_logger co2logger1_ on (co2logger1_.site_seq=site0_.site_seq) left outer join tb_micro_station micro2_ on (micro2_.site_seq=site0_.site_seq) where site0_.site_seq=8 limit 1; 
20230104 12:52:22.431 [http-nio-18080-exec-4] INFO  [p6spy:60] - #1672804342431 | took 12ms | commit | connection 10| url jdbc:mariadb://39.112.10.37:23307/faas?user=faas&password=***&validationQuery="select 1"&serverTimezone=Asia/Seoul&zeroDateTimeBehavior=convertToNull&userSSL=false&characterEncoding=UTF-8

; 
20230104 12:52:24.516 [http-nio-18080-exec-5] INFO  [p6spy:60] - #1672804344516 | took 13ms | statement | connection 11| url jdbc:mariadb://39.112.10.37:23307/faas?user=faas&password=***&validationQuery="select 1"&serverTimezone=Asia/Seoul&zeroDateTimeBehavior=convertToNull&userSSL=false&characterEncoding=UTF-8
select co2logger1_.co2 as col_0_0_, micro2_.temperature as col_1_0_, micro2_.relative_humidity as col_2_0_, micro2_.solar_radiation as col_3_0_, micro2_.rainfall as col_4_0_, micro2_.earth_temperature as col_5_0_, micro2_.wind_direction as col_6_0_, micro2_.wind_speed as col_7_0_, micro2_.reg_dtm as col_8_0_, co2logger1_.reg_dtm as col_9_0_ from tb_site site0_ left outer join tb_co2_logger co2logger1_ on (co2logger1_.site_seq=site0_.site_seq) left outer join tb_micro_station micro2_ on (micro2_.site_seq=site0_.site_seq) where site0_.site_seq=? limit ?
select co2logger1_.co2 as col_0_0_, micro2_.temperature as col_1_0_, micro2_.relative_humidity as col_2_0_, micro2_.solar_radiation as col_3_0_, micro2_.rainfall as col_4_0_, micro2_.earth_temperature as col_5_0_, micro2_.wind_direction as col_6_0_, micro2_.wind_speed as col_7_0_, micro2_.reg_dtm as col_8_0_, co2logger1_.reg_dtm as col_9_0_ from tb_site site0_ left outer join tb_co2_logger co2logger1_ on (co2logger1_.site_seq=site0_.site_seq) left outer join tb_micro_station micro2_ on (micro2_.site_seq=site0_.site_seq) where site0_.site_seq=9 limit 1; 
20230104 12:52:24.529 [http-nio-18080-exec-5] INFO  [p6spy:60] - #1672804344529 | took 11ms | commit | connection 11| url jdbc:mariadb://39.112.10.37:23307/faas?user=faas&password=***&validationQuery="select 1"&serverTimezone=Asia/Seoul&zeroDateTimeBehavior=convertToNull&userSSL=false&characterEncoding=UTF-8

; 
20230104 12:52:27.554 [http-nio-18080-exec-6] INFO  [p6spy:60] - #1672804347554 | took 14ms | statement | connection 12| url jdbc:mariadb://39.112.10.37:23307/faas?user=faas&password=***&validationQuery="select 1"&serverTimezone=Asia/Seoul&zeroDateTimeBehavior=convertToNull&userSSL=false&characterEncoding=UTF-8
select co2logger1_.co2 as col_0_0_, micro2_.temperature as col_1_0_, micro2_.relative_humidity as col_2_0_, micro2_.solar_radiation as col_3_0_, micro2_.rainfall as col_4_0_, micro2_.earth_temperature as col_5_0_, micro2_.wind_direction as col_6_0_, micro2_.wind_speed as col_7_0_, micro2_.reg_dtm as col_8_0_, co2logger1_.reg_dtm as col_9_0_ from tb_site site0_ left outer join tb_co2_logger co2logger1_ on (co2logger1_.site_seq=site0_.site_seq) left outer join tb_micro_station micro2_ on (micro2_.site_seq=site0_.site_seq) where site0_.site_seq=? limit ?
select co2logger1_.co2 as col_0_0_, micro2_.temperature as col_1_0_, micro2_.relative_humidity as col_2_0_, micro2_.solar_radiation as col_3_0_, micro2_.rainfall as col_4_0_, micro2_.earth_temperature as col_5_0_, micro2_.wind_direction as col_6_0_, micro2_.wind_speed as col_7_0_, micro2_.reg_dtm as col_8_0_, co2logger1_.reg_dtm as col_9_0_ from tb_site site0_ left outer join tb_co2_logger co2logger1_ on (co2logger1_.site_seq=site0_.site_seq) left outer join tb_micro_station micro2_ on (micro2_.site_seq=site0_.site_seq) where site0_.site_seq=10 limit 1; 
20230104 12:52:27.568 [http-nio-18080-exec-6] INFO  [p6spy:60] - #1672804347568 | took 13ms | commit | connection 12| url jdbc:mariadb://39.112.10.37:23307/faas?user=faas&password=***&validationQuery="select 1"&serverTimezone=Asia/Seoul&zeroDateTimeBehavior=convertToNull&userSSL=false&characterEncoding=UTF-8

; 
20230104 12:52:29.668 [http-nio-18080-exec-7] INFO  [p6spy:60] - #1672804349668 | took 13ms | statement | connection 13| url jdbc:mariadb://39.112.10.37:23307/faas?user=faas&password=***&validationQuery="select 1"&serverTimezone=Asia/Seoul&zeroDateTimeBehavior=convertToNull&userSSL=false&characterEncoding=UTF-8
select co2logger1_.co2 as col_0_0_, micro2_.temperature as col_1_0_, micro2_.relative_humidity as col_2_0_, micro2_.solar_radiation as col_3_0_, micro2_.rainfall as col_4_0_, micro2_.earth_temperature as col_5_0_, micro2_.wind_direction as col_6_0_, micro2_.wind_speed as col_7_0_, micro2_.reg_dtm as col_8_0_, co2logger1_.reg_dtm as col_9_0_ from tb_site site0_ left outer join tb_co2_logger co2logger1_ on (co2logger1_.site_seq=site0_.site_seq) left outer join tb_micro_station micro2_ on (micro2_.site_seq=site0_.site_seq) where site0_.site_seq=? limit ?
select co2logger1_.co2 as col_0_0_, micro2_.temperature as col_1_0_, micro2_.relative_humidity as col_2_0_, micro2_.solar_radiation as col_3_0_, micro2_.rainfall as col_4_0_, micro2_.earth_temperature as col_5_0_, micro2_.wind_direction as col_6_0_, micro2_.wind_speed as col_7_0_, micro2_.reg_dtm as col_8_0_, co2logger1_.reg_dtm as col_9_0_ from tb_site site0_ left outer join tb_co2_logger co2logger1_ on (co2logger1_.site_seq=site0_.site_seq) left outer join tb_micro_station micro2_ on (micro2_.site_seq=site0_.site_seq) where site0_.site_seq=11 limit 1; 
20230104 12:52:29.684 [http-nio-18080-exec-7] INFO  [p6spy:60] - #1672804349684 | took 14ms | commit | connection 13| url jdbc:mariadb://39.112.10.37:23307/faas?user=faas&password=***&validationQuery="select 1"&serverTimezone=Asia/Seoul&zeroDateTimeBehavior=convertToNull&userSSL=false&characterEncoding=UTF-8

; 
20230104 12:52:31.585 [http-nio-18080-exec-8] INFO  [p6spy:60] - #1672804351585 | took 12ms | statement | connection 14| url jdbc:mariadb://39.112.10.37:23307/faas?user=faas&password=***&validationQuery="select 1"&serverTimezone=Asia/Seoul&zeroDateTimeBehavior=convertToNull&userSSL=false&characterEncoding=UTF-8
select co2logger1_.co2 as col_0_0_, micro2_.temperature as col_1_0_, micro2_.relative_humidity as col_2_0_, micro2_.solar_radiation as col_3_0_, micro2_.rainfall as col_4_0_, micro2_.earth_temperature as col_5_0_, micro2_.wind_direction as col_6_0_, micro2_.wind_speed as col_7_0_, micro2_.reg_dtm as col_8_0_, co2logger1_.reg_dtm as col_9_0_ from tb_site site0_ left outer join tb_co2_logger co2logger1_ on (co2logger1_.site_seq=site0_.site_seq) left outer join tb_micro_station micro2_ on (micro2_.site_seq=site0_.site_seq) where site0_.site_seq=? limit ?
select co2logger1_.co2 as col_0_0_, micro2_.temperature as col_1_0_, micro2_.relative_humidity as col_2_0_, micro2_.solar_radiation as col_3_0_, micro2_.rainfall as col_4_0_, micro2_.earth_temperature as col_5_0_, micro2_.wind_direction as col_6_0_, micro2_.wind_speed as col_7_0_, micro2_.reg_dtm as col_8_0_, co2logger1_.reg_dtm as col_9_0_ from tb_site site0_ left outer join tb_co2_logger co2logger1_ on (co2logger1_.site_seq=site0_.site_seq) left outer join tb_micro_station micro2_ on (micro2_.site_seq=site0_.site_seq) where site0_.site_seq=12 limit 1; 
20230104 12:52:31.598 [http-nio-18080-exec-8] INFO  [p6spy:60] - #1672804351598 | took 11ms | commit | connection 14| url jdbc:mariadb://39.112.10.37:23307/faas?user=faas&password=***&validationQuery="select 1"&serverTimezone=Asia/Seoul&zeroDateTimeBehavior=convertToNull&userSSL=false&characterEncoding=UTF-8

; 
20230104 12:52:33.951 [http-nio-18080-exec-9] INFO  [p6spy:60] - #1672804353951 | took 13ms | statement | connection 15| url jdbc:mariadb://39.112.10.37:23307/faas?user=faas&password=***&validationQuery="select 1"&serverTimezone=Asia/Seoul&zeroDateTimeBehavior=convertToNull&userSSL=false&characterEncoding=UTF-8
select co2logger1_.co2 as col_0_0_, micro2_.temperature as col_1_0_, micro2_.relative_humidity as col_2_0_, micro2_.solar_radiation as col_3_0_, micro2_.rainfall as col_4_0_, micro2_.earth_temperature as col_5_0_, micro2_.wind_direction as col_6_0_, micro2_.wind_speed as col_7_0_, micro2_.reg_dtm as col_8_0_, co2logger1_.reg_dtm as col_9_0_ from tb_site site0_ left outer join tb_co2_logger co2logger1_ on (co2logger1_.site_seq=site0_.site_seq) left outer join tb_micro_station micro2_ on (micro2_.site_seq=site0_.site_seq) where site0_.site_seq=? limit ?
select co2logger1_.co2 as col_0_0_, micro2_.temperature as col_1_0_, micro2_.relative_humidity as col_2_0_, micro2_.solar_radiation as col_3_0_, micro2_.rainfall as col_4_0_, micro2_.earth_temperature as col_5_0_, micro2_.wind_direction as col_6_0_, micro2_.wind_speed as col_7_0_, micro2_.reg_dtm as col_8_0_, co2logger1_.reg_dtm as col_9_0_ from tb_site site0_ left outer join tb_co2_logger co2logger1_ on (co2logger1_.site_seq=site0_.site_seq) left outer join tb_micro_station micro2_ on (micro2_.site_seq=site0_.site_seq) where site0_.site_seq=13 limit 1; 
20230104 12:52:33.964 [http-nio-18080-exec-9] INFO  [p6spy:60] - #1672804353964 | took 12ms | commit | connection 15| url jdbc:mariadb://39.112.10.37:23307/faas?user=faas&password=***&validationQuery="select 1"&serverTimezone=Asia/Seoul&zeroDateTimeBehavior=convertToNull&userSSL=false&characterEncoding=UTF-8

; 
20230104 12:52:37.125 [http-nio-18080-exec-10] INFO  [p6spy:60] - #1672804357125 | took 13ms | statement | connection 16| url jdbc:mariadb://39.112.10.37:23307/faas?user=faas&password=***&validationQuery="select 1"&serverTimezone=Asia/Seoul&zeroDateTimeBehavior=convertToNull&userSSL=false&characterEncoding=UTF-8
select co2logger1_.co2 as col_0_0_, micro2_.temperature as col_1_0_, micro2_.relative_humidity as col_2_0_, micro2_.solar_radiation as col_3_0_, micro2_.rainfall as col_4_0_, micro2_.earth_temperature as col_5_0_, micro2_.wind_direction as col_6_0_, micro2_.wind_speed as col_7_0_, micro2_.reg_dtm as col_8_0_, co2logger1_.reg_dtm as col_9_0_ from tb_site site0_ left outer join tb_co2_logger co2logger1_ on (co2logger1_.site_seq=site0_.site_seq) left outer join tb_micro_station micro2_ on (micro2_.site_seq=site0_.site_seq) where site0_.site_seq=? limit ?
select co2logger1_.co2 as col_0_0_, micro2_.temperature as col_1_0_, micro2_.relative_humidity as col_2_0_, micro2_.solar_radiation as col_3_0_, micro2_.rainfall as col_4_0_, micro2_.earth_temperature as col_5_0_, micro2_.wind_direction as col_6_0_, micro2_.wind_speed as col_7_0_, micro2_.reg_dtm as col_8_0_, co2logger1_.reg_dtm as col_9_0_ from tb_site site0_ left outer join tb_co2_logger co2logger1_ on (co2logger1_.site_seq=site0_.site_seq) left outer join tb_micro_station micro2_ on (micro2_.site_seq=site0_.site_seq) where site0_.site_seq=14 limit 1; 
20230104 12:52:37.138 [http-nio-18080-exec-10] INFO  [p6spy:60] - #1672804357138 | took 12ms | commit | connection 16| url jdbc:mariadb://39.112.10.37:23307/faas?user=faas&password=***&validationQuery="select 1"&serverTimezone=Asia/Seoul&zeroDateTimeBehavior=convertToNull&userSSL=false&characterEncoding=UTF-8

; 
20230104 12:52:39.140 [http-nio-18080-exec-1] INFO  [p6spy:60] - #1672804359140 | took 13ms | statement | connection 17| url jdbc:mariadb://39.112.10.37:23307/faas?user=faas&password=***&validationQuery="select 1"&serverTimezone=Asia/Seoul&zeroDateTimeBehavior=convertToNull&userSSL=false&characterEncoding=UTF-8
select co2logger1_.co2 as col_0_0_, micro2_.temperature as col_1_0_, micro2_.relative_humidity as col_2_0_, micro2_.solar_radiation as col_3_0_, micro2_.rainfall as col_4_0_, micro2_.earth_temperature as col_5_0_, micro2_.wind_direction as col_6_0_, micro2_.wind_speed as col_7_0_, micro2_.reg_dtm as col_8_0_, co2logger1_.reg_dtm as col_9_0_ from tb_site site0_ left outer join tb_co2_logger co2logger1_ on (co2logger1_.site_seq=site0_.site_seq) left outer join tb_micro_station micro2_ on (micro2_.site_seq=site0_.site_seq) where site0_.site_seq=? limit ?
select co2logger1_.co2 as col_0_0_, micro2_.temperature as col_1_0_, micro2_.relative_humidity as col_2_0_, micro2_.solar_radiation as col_3_0_, micro2_.rainfall as col_4_0_, micro2_.earth_temperature as col_5_0_, micro2_.wind_direction as col_6_0_, micro2_.wind_speed as col_7_0_, micro2_.reg_dtm as col_8_0_, co2logger1_.reg_dtm as col_9_0_ from tb_site site0_ left outer join tb_co2_logger co2logger1_ on (co2logger1_.site_seq=site0_.site_seq) left outer join tb_micro_station micro2_ on (micro2_.site_seq=site0_.site_seq) where site0_.site_seq=15 limit 1; 
20230104 12:52:39.153 [http-nio-18080-exec-1] INFO  [p6spy:60] - #1672804359153 | took 12ms | commit | connection 17| url jdbc:mariadb://39.112.10.37:23307/faas?user=faas&password=***&validationQuery="select 1"&serverTimezone=Asia/Seoul&zeroDateTimeBehavior=convertToNull&userSSL=false&characterEncoding=UTF-8

; 
20230104 12:52:41.591 [http-nio-18080-exec-2] INFO  [p6spy:60] - #1672804361591 | took 22ms | statement | connection 18| url jdbc:mariadb://39.112.10.37:23307/faas?user=faas&password=***&validationQuery="select 1"&serverTimezone=Asia/Seoul&zeroDateTimeBehavior=convertToNull&userSSL=false&characterEncoding=UTF-8
select co2logger1_.co2 as col_0_0_, micro2_.temperature as col_1_0_, micro2_.relative_humidity as col_2_0_, micro2_.solar_radiation as col_3_0_, micro2_.rainfall as col_4_0_, micro2_.earth_temperature as col_5_0_, micro2_.wind_direction as col_6_0_, micro2_.wind_speed as col_7_0_, micro2_.reg_dtm as col_8_0_, co2logger1_.reg_dtm as col_9_0_ from tb_site site0_ left outer join tb_co2_logger co2logger1_ on (co2logger1_.site_seq=site0_.site_seq) left outer join tb_micro_station micro2_ on (micro2_.site_seq=site0_.site_seq) where site0_.site_seq=? limit ?
select co2logger1_.co2 as col_0_0_, micro2_.temperature as col_1_0_, micro2_.relative_humidity as col_2_0_, micro2_.solar_radiation as col_3_0_, micro2_.rainfall as col_4_0_, micro2_.earth_temperature as col_5_0_, micro2_.wind_direction as col_6_0_, micro2_.wind_speed as col_7_0_, micro2_.reg_dtm as col_8_0_, co2logger1_.reg_dtm as col_9_0_ from tb_site site0_ left outer join tb_co2_logger co2logger1_ on (co2logger1_.site_seq=site0_.site_seq) left outer join tb_micro_station micro2_ on (micro2_.site_seq=site0_.site_seq) where site0_.site_seq=16 limit 1; 
20230104 12:52:41.606 [http-nio-18080-exec-2] INFO  [p6spy:60] - #1672804361606 | took 13ms | commit | connection 18| url jdbc:mariadb://39.112.10.37:23307/faas?user=faas&password=***&validationQuery="select 1"&serverTimezone=Asia/Seoul&zeroDateTimeBehavior=convertToNull&userSSL=false&characterEncoding=UTF-8

; 
20230104 12:53:23.653 [SpringApplicationShutdownHook] INFO  [LocalContainerEntityManagerFactoryBean:651] - Closing JPA EntityManagerFactory for persistence unit 'default' 
20230104 12:53:23.655 [SpringApplicationShutdownHook] INFO  [HikariDataSource:350] - HikariPool-1 - Shutdown initiated... 
20230104 12:53:23.753 [SpringApplicationShutdownHook] INFO  [HikariDataSource:352] - HikariPool-1 - Shutdown completed. 
