20230104 12:43:30.407 [main] WARN  [JpaBaseConfiguration$JpaWebConfiguration:219] - spring.jpa.open-in-view is enabled by default. Therefore, database queries may be performed during view rendering. Explicitly configure spring.jpa.open-in-view to disable this warning 
20230104 12:43:31.179 [main] WARN  [WebSecurity:305] - You are asking Spring Security to ignore Ant [pattern='/html/**']. This is not recommended -- please use permitAll via HttpSecurity#authorizeHttpRequests instead. 
20230104 12:43:31.181 [main] WARN  [WebSecurity:305] - You are asking Spring Security to ignore Ant [pattern='/css/**']. This is not recommended -- please use permitAll via HttpSecurity#authorizeHttpRequests instead. 
20230104 12:43:31.181 [main] WARN  [WebSecurity:305] - You are asking Spring Security to ignore Ant [pattern='/js/**']. This is not recommended -- please use permitAll via HttpSecurity#authorizeHttpRequests instead. 
20230104 12:43:31.181 [main] WARN  [WebSecurity:305] - You are asking Spring Security to ignore Ant [pattern='/image/**']. This is not recommended -- please use permitAll via HttpSecurity#authorizeHttpRequests instead. 
20230104 12:43:31.182 [main] WARN  [WebSecurity:305] - You are asking Spring Security to ignore Ant [pattern='/v2/api-docs']. This is not recommended -- please use permitAll via HttpSecurity#authorizeHttpRequests instead. 
20230104 12:43:31.182 [main] WARN  [WebSecurity:305] - You are asking Spring Security to ignore Ant [pattern='/swagger-resources']. This is not recommended -- please use permitAll via HttpSecurity#authorizeHttpRequests instead. 
20230104 12:43:31.182 [main] WARN  [WebSecurity:305] - You are asking Spring Security to ignore Ant [pattern='/swagger-resources/**']. This is not recommended -- please use permitAll via HttpSecurity#authorizeHttpRequests instead. 
20230104 12:43:31.182 [main] WARN  [WebSecurity:305] - You are asking Spring Security to ignore Ant [pattern='/configuration/ui']. This is not recommended -- please use permitAll via HttpSecurity#authorizeHttpRequests instead. 
20230104 12:43:31.182 [main] WARN  [WebSecurity:305] - You are asking Spring Security to ignore Ant [pattern='/configuration/security']. This is not recommended -- please use permitAll via HttpSecurity#authorizeHttpRequests instead. 
20230104 12:43:31.183 [main] WARN  [WebSecurity:305] - You are asking Spring Security to ignore Ant [pattern='/swagger-ui.html']. This is not recommended -- please use permitAll via HttpSecurity#authorizeHttpRequests instead. 
20230104 12:43:31.183 [main] WARN  [WebSecurity:305] - You are asking Spring Security to ignore Ant [pattern='/webjars/**']. This is not recommended -- please use permitAll via HttpSecurity#authorizeHttpRequests instead. 
20230104 12:43:31.183 [main] WARN  [WebSecurity:305] - You are asking Spring Security to ignore Ant [pattern='/v3/api-docs/**']. This is not recommended -- please use permitAll via HttpSecurity#authorizeHttpRequests instead. 
20230104 12:43:31.183 [main] WARN  [WebSecurity:305] - You are asking Spring Security to ignore Ant [pattern='/swagger-ui/**']. This is not recommended -- please use permitAll via HttpSecurity#authorizeHttpRequests instead. 
20230104 12:49:34.584 [main] WARN  [JpaBaseConfiguration$JpaWebConfiguration:219] - spring.jpa.open-in-view is enabled by default. Therefore, database queries may be performed during view rendering. Explicitly configure spring.jpa.open-in-view to disable this warning 
20230104 12:49:35.363 [main] WARN  [WebSecurity:305] - You are asking Spring Security to ignore Ant [pattern='/html/**']. This is not recommended -- please use permitAll via HttpSecurity#authorizeHttpRequests instead. 
20230104 12:49:35.364 [main] WARN  [WebSecurity:305] - You are asking Spring Security to ignore Ant [pattern='/css/**']. This is not recommended -- please use permitAll via HttpSecurity#authorizeHttpRequests instead. 
20230104 12:49:35.364 [main] WARN  [WebSecurity:305] - You are asking Spring Security to ignore Ant [pattern='/js/**']. This is not recommended -- please use permitAll via HttpSecurity#authorizeHttpRequests instead. 
20230104 12:49:35.365 [main] WARN  [WebSecurity:305] - You are asking Spring Security to ignore Ant [pattern='/image/**']. This is not recommended -- please use permitAll via HttpSecurity#authorizeHttpRequests instead. 
20230104 12:49:35.365 [main] WARN  [WebSecurity:305] - You are asking Spring Security to ignore Ant [pattern='/v2/api-docs']. This is not recommended -- please use permitAll via HttpSecurity#authorizeHttpRequests instead. 
20230104 12:49:35.365 [main] WARN  [WebSecurity:305] - You are asking Spring Security to ignore Ant [pattern='/swagger-resources']. This is not recommended -- please use permitAll via HttpSecurity#authorizeHttpRequests instead. 
20230104 12:49:35.365 [main] WARN  [WebSecurity:305] - You are asking Spring Security to ignore Ant [pattern='/swagger-resources/**']. This is not recommended -- please use permitAll via HttpSecurity#authorizeHttpRequests instead. 
20230104 12:49:35.366 [main] WARN  [WebSecurity:305] - You are asking Spring Security to ignore Ant [pattern='/configuration/ui']. This is not recommended -- please use permitAll via HttpSecurity#authorizeHttpRequests instead. 
20230104 12:49:35.366 [main] WARN  [WebSecurity:305] - You are asking Spring Security to ignore Ant [pattern='/configuration/security']. This is not recommended -- please use permitAll via HttpSecurity#authorizeHttpRequests instead. 
20230104 12:49:35.366 [main] WARN  [WebSecurity:305] - You are asking Spring Security to ignore Ant [pattern='/swagger-ui.html']. This is not recommended -- please use permitAll via HttpSecurity#authorizeHttpRequests instead. 
20230104 12:49:35.366 [main] WARN  [WebSecurity:305] - You are asking Spring Security to ignore Ant [pattern='/webjars/**']. This is not recommended -- please use permitAll via HttpSecurity#authorizeHttpRequests instead. 
20230104 12:49:35.367 [main] WARN  [WebSecurity:305] - You are asking Spring Security to ignore Ant [pattern='/v3/api-docs/**']. This is not recommended -- please use permitAll via HttpSecurity#authorizeHttpRequests instead. 
20230104 12:49:35.367 [main] WARN  [WebSecurity:305] - You are asking Spring Security to ignore Ant [pattern='/swagger-ui/**']. This is not recommended -- please use permitAll via HttpSecurity#authorizeHttpRequests instead. 
